[2026-03-19 08:03:04] local.INFO: [STEP 2b] AppServiceProvider register() called  
[2026-03-19 08:03:04] local.INFO: [STEP 5] AppServiceProvider boot() called all services ready  
[2026-03-19 08:07:46] local.INFO: [STEP 2b] AppServiceProvider register() called  
[2026-03-19 08:07:46] local.INFO: [STEP 5] AppServiceProvider boot() called all services ready  
[2026-03-19 09:07:49] [STEP 1] Entry point public/index.php reached
[2026-03-19 08:07:49] local.INFO: [STEP 2b] AppServiceProvider register() called  
[2026-03-19 08:07:49] local.INFO: [STEP 5] AppServiceProvider boot() called all services ready  
[2026-03-19 08:07:49] local.INFO: [STEP 4] Middleware handle() BEFORE controller {"url":"http://127.0.0.1:8000/Home","method":"GET","ip":"127.0.0.1"} 
[2026-03-19 08:07:50] local.INFO: [STEP 9-pre] Middleware handle() AFTER controller, returning
response  
[2026-03-19 09:07:50] [STEP 1] Entry point public/index.php reached
[2026-03-19 08:07:50] local.INFO: [STEP 2b] AppServiceProvider register() called  
[2026-03-19 08:07:50] local.INFO: [STEP 5] AppServiceProvider boot() called all services ready  
[2026-03-19 08:07:50] local.INFO: [STEP 4] Middleware handle() BEFORE controller {"url":"http://127.0.0.1:8000/dashboard","method":"GET","ip":"127.0.0.1"} 
[2026-03-19 08:07:50] local.INFO: Dashboard accessed {"ip":"127.0.0.1","user_agent":"Mozilla/5.0 (Windows NT 10.0; Win64; x64) AppleWebKit/537.36 (KHTML, like Gecko) Chrome/146.0.0.0 Safari/537.36","time":"2026-03-19 08:07:50"} 
[2026-03-19 08:07:50] local.INFO: [STEP 9-pre] Middleware handle() AFTER controller, returning
response  
[2026-03-19 09:46:34] [STEP 1] Entry point public/index.php reached
[2026-03-19 08:46:34] local.INFO: [STEP 2b] AppServiceProvider register() called  
[2026-03-19 08:46:34] local.INFO: [STEP 5] AppServiceProvider boot() called all services ready  
[2026-03-19 08:46:34] local.INFO: [STEP 4] Middleware handle() BEFORE controller {"url":"http://127.0.0.1:8000/dashboard","method":"GET","ip":"127.0.0.1"} 
[2026-03-19 08:46:34] local.ERROR: Target class [check.role] does not exist. {"exception":"[object] (Illuminate\\Contracts\\Container\\BindingResolutionException(code: 0): Target class [check.role] does not exist. at D:/Codes/WOSS/PHP/Laravel-github/myApplication/vendor/laravel/framework/src/Illuminate/Container/Container.php:1124)
[stacktrace]
#0 D:/Codes/WOSS/PHP/Laravel-github/myApplication/vendor/laravel/framework/src/Illuminate/Container/Container.php(933): Illuminate/Container/Container->build('check.role')
#1 D:/Codes/WOSS/PHP/Laravel-github/myApplication/vendor/laravel/framework/src/Illuminate/Foundation/Application.php(1078): Illuminate/Container/Container->resolve('check.role', Array, true)
#2 D:/Codes/WOSS/PHP/Laravel-github/myApplication/vendor/laravel/framework/src/Illuminate/Container/Container.php(864): Illuminate/Foundation/Application->resolve('check.role', Array)
#3 D:/Codes/WOSS/PHP/Laravel-github/myApplication/vendor/laravel/framework/src/Illuminate/Foundation/Application.php(1058): Illuminate/Container/Container->make('check.role', Array)
#4 D:/Codes/WOSS/PHP/Laravel-github/myApplication/vendor/laravel/framework/src/Illuminate/Pipeline/Pipeline.php(208): Illuminate/Foundation/Application->make('check.role')
#5 D:/Codes/WOSS/PHP/Laravel-github/myApplication/vendor/laravel/framework/src/Illuminate/Routing/Middleware/SubstituteBindings.php(50): Illuminate/Pipeline/Pipeline->Illuminate/Pipeline/{closure}(Object(Illuminate/Http/Request))
#6 D:/Codes/WOSS/PHP/Laravel-github/myApplication/vendor/laravel/framework/src/Illuminate/Pipeline/Pipeline.php(219): Illuminate/Routing/Middleware/SubstituteBindings->handle(Object(Illuminate/Http/Request), Object(Closure))
#7 D:/Codes/WOSS/PHP/Laravel-github/myApplication/vendor/laravel/framework/src/Illuminate/Foundation/Http/Middleware/VerifyCsrfToken.php(87): Illuminate/Pipeline/Pipeline->Illuminate/Pipeline/{closure}(Object(Illuminate/Http/Request))
#8 D:/Codes/WOSS/PHP/Laravel-github/myApplication/vendor/laravel/framework/src/Illuminate/Pipeline/Pipeline.php(219): Illuminate/Foundation/Http/Middleware/VerifyCsrfToken->handle(Object(Illuminate/Http/Request), Object(Closure))
#9 D:/Codes/WOSS/PHP/Laravel-github/myApplication/vendor/laravel/framework/src/Illuminate/View/Middleware/ShareErrorsFromSession.php(48): Illuminate/Pipeline/Pipeline->Illuminate/Pipeline/{closure}(Object(Illuminate/Http/Request))
#10 D:/Codes/WOSS/PHP/Laravel-github/myApplication/vendor/laravel/framework/src/Illuminate/Pipeline/Pipeline.php(219): Illuminate/View/Middleware/ShareErrorsFromSession->handle(Object(Illuminate/Http/Request), Object(Closure))
#11 D:/Codes/WOSS/PHP/Laravel-github/myApplication/vendor/laravel/framework/src/Illuminate/Session/Middleware/StartSession.php(120): Illuminate/Pipeline/Pipeline->Illuminate/Pipeline/{closure}(Object(Illuminate/Http/Request))
#12 D:/Codes/WOSS/PHP/Laravel-github/myApplication/vendor/laravel/framework/src/Illuminate/Session/Middleware/StartSession.php(63): Illuminate/Session/Middleware/StartSession->handleStatefulRequest(Object(Illuminate/Http/Request), Object(Illuminate/Session/Store), Object(Closure))
#13 D:/Codes/WOSS/PHP/Laravel-github/myApplication/vendor/laravel/framework/src/Illuminate/Pipeline/Pipeline.php(219): Illuminate/Session/Middleware/StartSession->handle(Object(Illuminate/Http/Request), Object(Closure))
#14 D:/Codes/WOSS/PHP/Laravel-github/myApplication/vendor/laravel/framework/src/Illuminate/Cookie/Middleware/AddQueuedCookiesToResponse.php(36): Illuminate/Pipeline/Pipeline->Illuminate/Pipeline/{closure}(Object(Illuminate/Http/Request))
#15 D:/Codes/WOSS/PHP/Laravel-github/myApplication/vendor/laravel/framework/src/Illuminate/Pipeline/Pipeline.php(219): Illuminate/Cookie/Middleware/AddQueuedCookiesToResponse->handle(Object(Illuminate/Http/Request), Object(Closure))
#16 D:/Codes/WOSS/PHP/Laravel-github/myApplication/vendor/laravel/framework/src/Illuminate/Cookie/Middleware/EncryptCookies.php(74): Illuminate/Pipeline/Pipeline->Illuminate/Pipeline/{closure}(Object(Illuminate/Http/Request))
#17 D:/Codes/WOSS/PHP/Laravel-github/myApplication/vendor/laravel/framework/src/Illuminate/Pipeline/Pipeline.php(219): Illuminate/Cookie/Middleware/EncryptCookies->handle(Object(Illuminate/Http/Request), Object(Closure))
#18 D:/Codes/WOSS/PHP/Laravel-github/myApplication/vendor/laravel/framework/src/Illuminate/Pipeline/Pipeline.php(137): Illuminate/Pipeline/Pipeline->Illuminate/Pipeline/{closure}(Object(Illuminate/Http/Request))
#19 D:/Codes/WOSS/PHP/Laravel-github/myApplication/vendor/laravel/framework/src/Illuminate/Routing/Router.php(821): Illuminate/Pipeline/Pipeline->then(Object(Closure))
#20 D:/Codes/WOSS/PHP/Laravel-github/myApplication/vendor/laravel/framework/src/Illuminate/Routing/Router.php(800): Illuminate/Routing/Router->runRouteWithinStack(Object(Illuminate/Routing/Route), Object(Illuminate/Http/Request))
#21 D:/Codes/WOSS/PHP/Laravel-github/myApplication/vendor/laravel/framework/src/Illuminate/Routing/Router.php(764): Illuminate/Routing/Router->runRoute(Object(Illuminate/Http/Request), Object(Illuminate/Routing/Route))
#22 D:/Codes/WOSS/PHP/Laravel-github/myApplication/vendor/laravel/framework/src/Illuminate/Routing/Router.php(753): Illuminate/Routing/Router->dispatchToRoute(Object(Illuminate/Http/Request))
#23 D:/Codes/WOSS/PHP/Laravel-github/myApplication/vendor/laravel/framework/src/Illuminate/Foundation/Http/Kernel.php(200): Illuminate/Routing/Router->dispatch(Object(Illuminate/Http/Request))
#24 D:/Codes/WOSS/PHP/Laravel-github/myApplication/vendor/laravel/framework/src/Illuminate/Pipeline/Pipeline.php(180): Illuminate/Foundation/Http/Kernel->Illuminate/Foundation/Http/{closure}(Object(Illuminate/Http/Request))
#25 D:/Codes/WOSS/PHP/Laravel-github/myApplication/app/Http/Middleware/LogRequestLifecycle.php(21): Illuminate/Pipeline/Pipeline->Illuminate/Pipeline/{closure}(Object(Illuminate/Http/Request))
#26 D:/Codes/WOSS/PHP/Laravel-github/myApplication/vendor/laravel/framework/src/Illuminate/Pipeline/Pipeline.php(219): App/Http/Middleware/LogRequestLifecycle->handle(Object(Illuminate/Http/Request), Object(Closure))
#27 D:/Codes/WOSS/PHP/Laravel-github/myApplication/vendor/laravel/framework/src/Illuminate/Foundation/Http/Middleware/TransformsRequest.php(21): Illuminate/Pipeline/Pipeline->Illuminate/Pipeline/{closure}(Object(Illuminate/Http/Request))
#28 D:/Codes/WOSS/PHP/Laravel-github/myApplication/vendor/laravel/framework/src/Illuminate/Foundation/Http/Middleware/ConvertEmptyStringsToNull.php(31): Illuminate/Foundation/Http/Middleware/TransformsRequest->handle(Object(Illuminate/Http/Request), Object(Closure))
#29 D:/Codes/WOSS/PHP/Laravel-github/myApplication/vendor/laravel/framework/src/Illuminate/Pipeline/Pipeline.php(219): Illuminate/Foundation/Http/Middleware/ConvertEmptyStringsToNull->handle(Object(Illuminate/Http/Request), Object(Closure))
#30 D:/Codes/WOSS/PHP/Laravel-github/myApplication/vendor/laravel/framework/src/Illuminate/Foundation/Http/Middleware/TransformsRequest.php(21): Illuminate/Pipeline/Pipeline->Illuminate/Pipeline/{closure}(Object(Illuminate/Http/Request))
#31 D:/Codes/WOSS/PHP/Laravel-github/myApplication/vendor/laravel/framework/src/Illuminate/Foundation/Http/Middleware/TrimStrings.php(51): Illuminate/Foundation/Http/Middleware/TransformsRequest->handle(Object(Illuminate/Http/Request), Object(Closure))
#32 D:/Codes/WOSS/PHP/Laravel-github/myApplication/vendor/laravel/framework/src/Illuminate/Pipeline/Pipeline.php(219): Illuminate/Foundation/Http/Middleware/TrimStrings->handle(Object(Illuminate/Http/Request), Object(Closure))
#33 D:/Codes/WOSS/PHP/Laravel-github/myApplication/vendor/laravel/framework/src/Illuminate/Http/Middleware/ValidatePostSize.php(27): Illuminate/Pipeline/Pipeline->Illuminate/Pipeline/{closure}(Object(Illuminate/Http/Request))
#34 D:/Codes/WOSS/PHP/Laravel-github/myApplication/vendor/laravel/framework/src/Illuminate/Pipeline/Pipeline.php(219): Illuminate/Http/Middleware/ValidatePostSize->handle(Object(Illuminate/Http/Request), Object(Closure))
#35 D:/Codes/WOSS/PHP/Laravel-github/myApplication/vendor/laravel/framework/src/Illuminate/Foundation/Http/Middleware/PreventRequestsDuringMaintenance.php(109): Illuminate/Pipeline/Pipeline->Illuminate/Pipeline/{closure}(Object(Illuminate/Http/Request))
#36 D:/Codes/WOSS/PHP/Laravel-github/myApplication/vendor/laravel/framework/src/Illuminate/Pipeline/Pipeline.php(219): Illuminate/Foundation/Http/Middleware/PreventRequestsDuringMaintenance->handle(Object(Illuminate/Http/Request), Object(Closure))
#37 D:/Codes/WOSS/PHP/Laravel-github/myApplication/vendor/laravel/framework/src/Illuminate/Http/Middleware/HandleCors.php(61): Illuminate/Pipeline/Pipeline->Illuminate/Pipeline/{closure}(Object(Illuminate/Http/Request))
#38 D:/Codes/WOSS/PHP/Laravel-github/myApplication/vendor/laravel/framework/src/Illuminate/Pipeline/Pipeline.php(219): Illuminate/Http/Middleware/HandleCors->handle(Object(Illuminate/Http/Request), Object(Closure))
#39 D:/Codes/WOSS/PHP/Laravel-github/myApplication/vendor/laravel/framework/src/Illuminate/Http/Middleware/TrustProxies.php(58): Illuminate/Pipeline/Pipeline->Illuminate/Pipeline/{closure}(Object(Illuminate/Http/Request))
#40 D:/Codes/WOSS/PHP/Laravel-github/myApplication/vendor/laravel/framework/src/Illuminate/Pipeline/Pipeline.php(219): Illuminate/Http/Middleware/TrustProxies->handle(Object(Illuminate/Http/Request), Object(Closure))
#41 D:/Codes/WOSS/PHP/Laravel-github/myApplication/vendor/laravel/framework/src/Illuminate/Foundation/Http/Middleware/InvokeDeferredCallbacks.php(22): Illuminate/Pipeline/Pipeline->Illuminate/Pipeline/{closure}(Object(Illuminate/Http/Request))
#42 D:/Codes/WOSS/PHP/Laravel-github/myApplication/vendor/laravel/framework/src/Illuminate/Pipeline/Pipeline.php(219): Illuminate/Foundation/Http/Middleware/InvokeDeferredCallbacks->handle(Object(Illuminate/Http/Request), Object(Closure))
#43 D:/Codes/WOSS/PHP/Laravel-github/myApplication/vendor/laravel/framework/src/Illuminate/Http/Middleware/ValidatePathEncoding.php(26): Illuminate/Pipeline/Pipeline->Illuminate/Pipeline/{closure}(Object(Illuminate/Http/Request))
#44 D:/Codes/WOSS/PHP/Laravel-github/myApplication/vendor/laravel/framework/src/Illuminate/Pipeline/Pipeline.php(219): Illuminate/Http/Middleware/ValidatePathEncoding->handle(Object(Illuminate/Http/Request), Object(Closure))
#45 D:/Codes/WOSS/PHP/Laravel-github/myApplication/vendor/laravel/framework/src/Illuminate/Pipeline/Pipeline.php(137): Illuminate/Pipeline/Pipeline->Illuminate/Pipeline/{closure}(Object(Illuminate/Http/Request))
#46 D:/Codes/WOSS/PHP/Laravel-github/myApplication/vendor/laravel/framework/src/Illuminate/Foundation/Http/Kernel.php(175): Illuminate/Pipeline/Pipeline->then(Object(Closure))
#47 D:/Codes/WOSS/PHP/Laravel-github/myApplication/vendor/laravel/framework/src/Illuminate/Foundation/Http/Kernel.php(144): Illuminate/Foundation/Http/Kernel->sendRequestThroughRouter(Object(Illuminate/Http/Request))
#48 D:/Codes/WOSS/PHP/Laravel-github/myApplication/public/index.php(18): Illuminate/Foundation/Http/Kernel->handle(Object(Illuminate/Http/Request))
#49 D:/Codes/WOSS/PHP/Laravel-github/myApplication/vendor/laravel/framework/src/Illuminate/Foundation/resources/server.php(23): require_once('D://Codes//WOSS//P...')
#50 {main}

[previous exception] [object] (ReflectionException(code: -1): Class \"check.role\" does not exist at D:/Codes/WOSS/PHP/Laravel-github/myApplication/vendor/laravel/framework/src/Illuminate/Container/Container.php:1122)
[stacktrace]
#0 D:/Codes/WOSS/PHP/Laravel-github/myApplication/vendor/laravel/framework/src/Illuminate/Container/Container.php(1122): ReflectionClass->__construct('check.role')
#1 D:/Codes/WOSS/PHP/Laravel-github/myApplication/vendor/laravel/framework/src/Illuminate/Container/Container.php(933): Illuminate/Container/Container->build('check.role')
#2 D:/Codes/WOSS/PHP/Laravel-github/myApplication/vendor/laravel/framework/src/Illuminate/Foundation/Application.php(1078): Illuminate/Container/Container->resolve('check.role', Array, true)
#3 D:/Codes/WOSS/PHP/Laravel-github/myApplication/vendor/laravel/framework/src/Illuminate/Container/Container.php(864): Illuminate/Foundation/Application->resolve('check.role', Array)
#4 D:/Codes/WOSS/PHP/Laravel-github/myApplication/vendor/laravel/framework/src/Illuminate/Foundation/Application.php(1058): Illuminate/Container/Container->make('check.role', Array)
#5 D:/Codes/WOSS/PHP/Laravel-github/myApplication/vendor/laravel/framework/src/Illuminate/Pipeline/Pipeline.php(208): Illuminate/Foundation/Application->make('check.role')
#6 D:/Codes/WOSS/PHP/Laravel-github/myApplication/vendor/laravel/framework/src/Illuminate/Routing/Middleware/SubstituteBindings.php(50): Illuminate/Pipeline/Pipeline->Illuminate/Pipeline/{closure}(Object(Illuminate/Http/Request))
#7 D:/Codes/WOSS/PHP/Laravel-github/myApplication/vendor/laravel/framework/src/Illuminate/Pipeline/Pipeline.php(219): Illuminate/Routing/Middleware/SubstituteBindings->handle(Object(Illuminate/Http/Request), Object(Closure))
#8 D:/Codes/WOSS/PHP/Laravel-github/myApplication/vendor/laravel/framework/src/Illuminate/Foundation/Http/Middleware/VerifyCsrfToken.php(87): Illuminate/Pipeline/Pipeline->Illuminate/Pipeline/{closure}(Object(Illuminate/Http/Request))
#9 D:/Codes/WOSS/PHP/Laravel-github/myApplication/vendor/laravel/framework/src/Illuminate/Pipeline/Pipeline.php(219): Illuminate/Foundation/Http/Middleware/VerifyCsrfToken->handle(Object(Illuminate/Http/Request), Object(Closure))
#10 D:/Codes/WOSS/PHP/Laravel-github/myApplication/vendor/laravel/framework/src/Illuminate/View/Middleware/ShareErrorsFromSession.php(48): Illuminate/Pipeline/Pipeline->Illuminate/Pipeline/{closure}(Object(Illuminate/Http/Request))
#11 D:/Codes/WOSS/PHP/Laravel-github/myApplication/vendor/laravel/framework/src/Illuminate/Pipeline/Pipeline.php(219): Illuminate/View/Middleware/ShareErrorsFromSession->handle(Object(Illuminate/Http/Request), Object(Closure))
#12 D:/Codes/WOSS/PHP/Laravel-github/myApplication/vendor/laravel/framework/src/Illuminate/Session/Middleware/StartSession.php(120): Illuminate/Pipeline/Pipeline->Illuminate/Pipeline/{closure}(Object(Illuminate/Http/Request))
#13 D:/Codes/WOSS/PHP/Laravel-github/myApplication/vendor/laravel/framework/src/Illuminate/Session/Middleware/StartSession.php(63): Illuminate/Session/Middleware/StartSession->handleStatefulRequest(Object(Illuminate/Http/Request), Object(Illuminate/Session/Store), Object(Closure))
#14 D:/Codes/WOSS/PHP/Laravel-github/myApplication/vendor/laravel/framework/src/Illuminate/Pipeline/Pipeline.php(219): Illuminate/Session/Middleware/StartSession->handle(Object(Illuminate/Http/Request), Object(Closure))
#15 D:/Codes/WOSS/PHP/Laravel-github/myApplication/vendor/laravel/framework/src/Illuminate/Cookie/Middleware/AddQueuedCookiesToResponse.php(36): Illuminate/Pipeline/Pipeline->Illuminate/Pipeline/{closure}(Object(Illuminate/Http/Request))
#16 D:/Codes/WOSS/PHP/Laravel-github/myApplication/vendor/laravel/framework/src/Illuminate/Pipeline/Pipeline.php(219): Illuminate/Cookie/Middleware/AddQueuedCookiesToResponse->handle(Object(Illuminate/Http/Request), Object(Closure))
#17 D:/Codes/WOSS/PHP/Laravel-github/myApplication/vendor/laravel/framework/src/Illuminate/Cookie/Middleware/EncryptCookies.php(74): Illuminate/Pipeline/Pipeline->Illuminate/Pipeline/{closure}(Object(Illuminate/Http/Request))
#18 D:/Codes/WOSS/PHP/Laravel-github/myApplication/vendor/laravel/framework/src/Illuminate/Pipeline/Pipeline.php(219): Illuminate/Cookie/Middleware/EncryptCookies->handle(Object(Illuminate/Http/Request), Object(Closure))
#19 D:/Codes/WOSS/PHP/Laravel-github/myApplication/vendor/laravel/framework/src/Illuminate/Pipeline/Pipeline.php(137): Illuminate/Pipeline/Pipeline->Illuminate/Pipeline/{closure}(Object(Illuminate/Http/Request))
#20 D:/Codes/WOSS/PHP/Laravel-github/myApplication/vendor/laravel/framework/src/Illuminate/Routing/Router.php(821): Illuminate/Pipeline/Pipeline->then(Object(Closure))
#21 D:/Codes/WOSS/PHP/Laravel-github/myApplication/vendor/laravel/framework/src/Illuminate/Routing/Router.php(800): Illuminate/Routing/Router->runRouteWithinStack(Object(Illuminate/Routing/Route), Object(Illuminate/Http/Request))
#22 D:/Codes/WOSS/PHP/Laravel-github/myApplication/vendor/laravel/framework/src/Illuminate/Routing/Router.php(764): Illuminate/Routing/Router->runRoute(Object(Illuminate/Http/Request), Object(Illuminate/Routing/Route))
#23 D:/Codes/WOSS/PHP/Laravel-github/myApplication/vendor/laravel/framework/src/Illuminate/Routing/Router.php(753): Illuminate/Routing/Router->dispatchToRoute(Object(Illuminate/Http/Request))
#24 D:/Codes/WOSS/PHP/Laravel-github/myApplication/vendor/laravel/framework/src/Illuminate/Foundation/Http/Kernel.php(200): Illuminate/Routing/Router->dispatch(Object(Illuminate/Http/Request))
#25 D:/Codes/WOSS/PHP/Laravel-github/myApplication/vendor/laravel/framework/src/Illuminate/Pipeline/Pipeline.php(180): Illuminate/Foundation/Http/Kernel->Illuminate/Foundation/Http/{closure}(Object(Illuminate/Http/Request))
#26 D:/Codes/WOSS/PHP/Laravel-github/myApplication/app/Http/Middleware/LogRequestLifecycle.php(21): Illuminate/Pipeline/Pipeline->Illuminate/Pipeline/{closure}(Object(Illuminate/Http/Request))
#27 D:/Codes/WOSS/PHP/Laravel-github/myApplication/vendor/laravel/framework/src/Illuminate/Pipeline/Pipeline.php(219): App/Http/Middleware/LogRequestLifecycle->handle(Object(Illuminate/Http/Request), Object(Closure))
#28 D:/Codes/WOSS/PHP/Laravel-github/myApplication/vendor/laravel/framework/src/Illuminate/Foundation/Http/Middleware/TransformsRequest.php(21): Illuminate/Pipeline/Pipeline->Illuminate/Pipeline/{closure}(Object(Illuminate/Http/Request))
#29 D:/Codes/WOSS/PHP/Laravel-github/myApplication/vendor/laravel/framework/src/Illuminate/Foundation/Http/Middleware/ConvertEmptyStringsToNull.php(31): Illuminate/Foundation/Http/Middleware/TransformsRequest->handle(Object(Illuminate/Http/Request), Object(Closure))
#30 D:/Codes/WOSS/PHP/Laravel-github/myApplication/vendor/laravel/framework/src/Illuminate/Pipeline/Pipeline.php(219): Illuminate/Foundation/Http/Middleware/ConvertEmptyStringsToNull->handle(Object(Illuminate/Http/Request), Object(Closure))
#31 D:/Codes/WOSS/PHP/Laravel-github/myApplication/vendor/laravel/framework/src/Illuminate/Foundation/Http/Middleware/TransformsRequest.php(21): Illuminate/Pipeline/Pipeline->Illuminate/Pipeline/{closure}(Object(Illuminate/Http/Request))
#32 D:/Codes/WOSS/PHP/Laravel-github/myApplication/vendor/laravel/framework/src/Illuminate/Foundation/Http/Middleware/TrimStrings.php(51): Illuminate/Foundation/Http/Middleware/TransformsRequest->handle(Object(Illuminate/Http/Request), Object(Closure))
#33 D:/Codes/WOSS/PHP/Laravel-github/myApplication/vendor/laravel/framework/src/Illuminate/Pipeline/Pipeline.php(219): Illuminate/Foundation/Http/Middleware/TrimStrings->handle(Object(Illuminate/Http/Request), Object(Closure))
#34 D:/Codes/WOSS/PHP/Laravel-github/myApplication/vendor/laravel/framework/src/Illuminate/Http/Middleware/ValidatePostSize.php(27): Illuminate/Pipeline/Pipeline->Illuminate/Pipeline/{closure}(Object(Illuminate/Http/Request))
#35 D:/Codes/WOSS/PHP/Laravel-github/myApplication/vendor/laravel/framework/src/Illuminate/Pipeline/Pipeline.php(219): Illuminate/Http/Middleware/ValidatePostSize->handle(Object(Illuminate/Http/Request), Object(Closure))
#36 D:/Codes/WOSS/PHP/Laravel-github/myApplication/vendor/laravel/framework/src/Illuminate/Foundation/Http/Middleware/PreventRequestsDuringMaintenance.php(109): Illuminate/Pipeline/Pipeline->Illuminate/Pipeline/{closure}(Object(Illuminate/Http/Request))
#37 D:/Codes/WOSS/PHP/Laravel-github/myApplication/vendor/laravel/framework/src/Illuminate/Pipeline/Pipeline.php(219): Illuminate/Foundation/Http/Middleware/PreventRequestsDuringMaintenance->handle(Object(Illuminate/Http/Request), Object(Closure))
#38 D:/Codes/WOSS/PHP/Laravel-github/myApplication/vendor/laravel/framework/src/Illuminate/Http/Middleware/HandleCors.php(61): Illuminate/Pipeline/Pipeline->Illuminate/Pipeline/{closure}(Object(Illuminate/Http/Request))
#39 D:/Codes/WOSS/PHP/Laravel-github/myApplication/vendor/laravel/framework/src/Illuminate/Pipeline/Pipeline.php(219): Illuminate/Http/Middleware/HandleCors->handle(Object(Illuminate/Http/Request), Object(Closure))
#40 D:/Codes/WOSS/PHP/Laravel-github/myApplication/vendor/laravel/framework/src/Illuminate/Http/Middleware/TrustProxies.php(58): Illuminate/Pipeline/Pipeline->Illuminate/Pipeline/{closure}(Object(Illuminate/Http/Request))
#41 D:/Codes/WOSS/PHP/Laravel-github/myApplication/vendor/laravel/framework/src/Illuminate/Pipeline/Pipeline.php(219): Illuminate/Http/Middleware/TrustProxies->handle(Object(Illuminate/Http/Request), Object(Closure))
#42 D:/Codes/WOSS/PHP/Laravel-github/myApplication/vendor/laravel/framework/src/Illuminate/Foundation/Http/Middleware/InvokeDeferredCallbacks.php(22): Illuminate/Pipeline/Pipeline->Illuminate/Pipeline/{closure}(Object(Illuminate/Http/Request))
#43 D:/Codes/WOSS/PHP/Laravel-github/myApplication/vendor/laravel/framework/src/Illuminate/Pipeline/Pipeline.php(219): Illuminate/Foundation/Http/Middleware/InvokeDeferredCallbacks->handle(Object(Illuminate/Http/Request), Object(Closure))
#44 D:/Codes/WOSS/PHP/Laravel-github/myApplication/vendor/laravel/framework/src/Illuminate/Http/Middleware/ValidatePathEncoding.php(26): Illuminate/Pipeline/Pipeline->Illuminate/Pipeline/{closure}(Object(Illuminate/Http/Request))
#45 D:/Codes/WOSS/PHP/Laravel-github/myApplication/vendor/laravel/framework/src/Illuminate/Pipeline/Pipeline.php(219): Illuminate/Http/Middleware/ValidatePathEncoding->handle(Object(Illuminate/Http/Request), Object(Closure))
#46 D:/Codes/WOSS/PHP/Laravel-github/myApplication/vendor/laravel/framework/src/Illuminate/Pipeline/Pipeline.php(137): Illuminate/Pipeline/Pipeline->Illuminate/Pipeline/{closure}(Object(Illuminate/Http/Request))
#47 D:/Codes/WOSS/PHP/Laravel-github/myApplication/vendor/laravel/framework/src/Illuminate/Foundation/Http/Kernel.php(175): Illuminate/Pipeline/Pipeline->then(Object(Closure))
#48 D:/Codes/WOSS/PHP/Laravel-github/myApplication/vendor/laravel/framework/src/Illuminate/Foundation/Http/Kernel.php(144): Illuminate/Foundation/Http/Kernel->sendRequestThroughRouter(Object(Illuminate/Http/Request))
#49 D:/Codes/WOSS/PHP/Laravel-github/myApplication/public/index.php(18): Illuminate/Foundation/Http/Kernel->handle(Object(Illuminate/Http/Request))
#50 D:/Codes/WOSS/PHP/Laravel-github/myApplication/vendor/laravel/framework/src/Illuminate/Foundation/resources/server.php(23): require_once('D://Codes//WOSS//P...')
#51 {main}
"} 
[2026-03-19 08:46:35] local.INFO: [STEP 9-pre] Middleware handle() AFTER controller, returning
response  
[2026-03-19 08:46:35] local.ERROR: Target class [check.role] does not exist. {"exception":"[object] (Illuminate\\Contracts\\Container\\BindingResolutionException(code: 0): Target class [check.role] does not exist. at D:/Codes/WOSS/PHP/Laravel-github/myApplication/vendor/laravel/framework/src/Illuminate/Container/Container.php:1124)
[stacktrace]
#0 D:/Codes/WOSS/PHP/Laravel-github/myApplication/vendor/laravel/framework/src/Illuminate/Container/Container.php(933): Illuminate/Container/Container->build('check.role')
#1 D:/Codes/WOSS/PHP/Laravel-github/myApplication/vendor/laravel/framework/src/Illuminate/Foundation/Application.php(1078): Illuminate/Container/Container->resolve('check.role', Array, true)
#2 D:/Codes/WOSS/PHP/Laravel-github/myApplication/vendor/laravel/framework/src/Illuminate/Container/Container.php(864): Illuminate/Foundation/Application->resolve('check.role', Array)
#3 D:/Codes/WOSS/PHP/Laravel-github/myApplication/vendor/laravel/framework/src/Illuminate/Foundation/Application.php(1058): Illuminate/Container/Container->make('check.role', Array)
#4 D:/Codes/WOSS/PHP/Laravel-github/myApplication/vendor/laravel/framework/src/Illuminate/Foundation/Http/Kernel.php(257): Illuminate/Foundation/Application->make('check.role')
#5 D:/Codes/WOSS/PHP/Laravel-github/myApplication/vendor/laravel/framework/src/Illuminate/Foundation/Http/Kernel.php(215): Illuminate/Foundation/Http/Kernel->terminateMiddleware(Object(Illuminate/Http/Request), Object(Illuminate/Http/Response))
#6 D:/Codes/WOSS/PHP/Laravel-github/myApplication/public/index.php(20): Illuminate/Foundation/Http/Kernel->terminate(Object(Illuminate/Http/Request), Object(Illuminate/Http/Response))
#7 D:/Codes/WOSS/PHP/Laravel-github/myApplication/vendor/laravel/framework/src/Illuminate/Foundation/resources/server.php(23): require_once('D://Codes//WOSS//P...')
#8 {main}

[previous exception] [object] (ReflectionException(code: -1): Class \"check.role\" does not exist at D:/Codes/WOSS/PHP/Laravel-github/myApplication/vendor/laravel/framework/src/Illuminate/Container/Container.php:1122)
[stacktrace]
#0 D:/Codes/WOSS/PHP/Laravel-github/myApplication/vendor/laravel/framework/src/Illuminate/Container/Container.php(1122): ReflectionClass->__construct('check.role')
#1 D:/Codes/WOSS/PHP/Laravel-github/myApplication/vendor/laravel/framework/src/Illuminate/Container/Container.php(933): Illuminate/Container/Container->build('check.role')
#2 D:/Codes/WOSS/PHP/Laravel-github/myApplication/vendor/laravel/framework/src/Illuminate/Foundation/Application.php(1078): Illuminate/Container/Container->resolve('check.role', Array, true)
#3 D:/Codes/WOSS/PHP/Laravel-github/myApplication/vendor/laravel/framework/src/Illuminate/Container/Container.php(864): Illuminate/Foundation/Application->resolve('check.role', Array)
#4 D:/Codes/WOSS/PHP/Laravel-github/myApplication/vendor/laravel/framework/src/Illuminate/Foundation/Application.php(1058): Illuminate/Container/Container->make('check.role', Array)
#5 D:/Codes/WOSS/PHP/Laravel-github/myApplication/vendor/laravel/framework/src/Illuminate/Foundation/Http/Kernel.php(257): Illuminate/Foundation/Application->make('check.role')
#6 D:/Codes/WOSS/PHP/Laravel-github/myApplication/vendor/laravel/framework/src/Illuminate/Foundation/Http/Kernel.php(215): Illuminate/Foundation/Http/Kernel->terminateMiddleware(Object(Illuminate/Http/Request), Object(Illuminate/Http/Response))
#7 D:/Codes/WOSS/PHP/Laravel-github/myApplication/public/index.php(20): Illuminate/Foundation/Http/Kernel->terminate(Object(Illuminate/Http/Request), Object(Illuminate/Http/Response))
#8 D:/Codes/WOSS/PHP/Laravel-github/myApplication/vendor/laravel/framework/src/Illuminate/Foundation/resources/server.php(23): require_once('D://Codes//WOSS//P...')
#9 {main}
"} 
[2026-03-19 09:48:24] [STEP 1] Entry point public/index.php reached
[2026-03-19 08:48:24] local.INFO: [STEP 2b] AppServiceProvider register() called  
[2026-03-19 08:48:24] local.INFO: [STEP 5] AppServiceProvider boot() called all services ready  
[2026-03-19 08:48:24] local.INFO: [STEP 4] Middleware handle() BEFORE controller {"url":"http://127.0.0.1:8000/dashboard","method":"GET","ip":"127.0.0.1"} 
[2026-03-19 08:48:24] local.ERROR: Target class [check.role] does not exist. {"exception":"[object] (Illuminate\\Contracts\\Container\\BindingResolutionException(code: 0): Target class [check.role] does not exist. at D:/Codes/WOSS/PHP/Laravel-github/myApplication/vendor/laravel/framework/src/Illuminate/Container/Container.php:1124)
[stacktrace]
#0 D:/Codes/WOSS/PHP/Laravel-github/myApplication/vendor/laravel/framework/src/Illuminate/Container/Container.php(933): Illuminate/Container/Container->build('check.role')
#1 D:/Codes/WOSS/PHP/Laravel-github/myApplication/vendor/laravel/framework/src/Illuminate/Foundation/Application.php(1078): Illuminate/Container/Container->resolve('check.role', Array, true)
#2 D:/Codes/WOSS/PHP/Laravel-github/myApplication/vendor/laravel/framework/src/Illuminate/Container/Container.php(864): Illuminate/Foundation/Application->resolve('check.role', Array)
#3 D:/Codes/WOSS/PHP/Laravel-github/myApplication/vendor/laravel/framework/src/Illuminate/Foundation/Application.php(1058): Illuminate/Container/Container->make('check.role', Array)
#4 D:/Codes/WOSS/PHP/Laravel-github/myApplication/vendor/laravel/framework/src/Illuminate/Pipeline/Pipeline.php(208): Illuminate/Foundation/Application->make('check.role')
#5 D:/Codes/WOSS/PHP/Laravel-github/myApplication/vendor/laravel/framework/src/Illuminate/Routing/Middleware/SubstituteBindings.php(50): Illuminate/Pipeline/Pipeline->Illuminate/Pipeline/{closure}(Object(Illuminate/Http/Request))
#6 D:/Codes/WOSS/PHP/Laravel-github/myApplication/vendor/laravel/framework/src/Illuminate/Pipeline/Pipeline.php(219): Illuminate/Routing/Middleware/SubstituteBindings->handle(Object(Illuminate/Http/Request), Object(Closure))
#7 D:/Codes/WOSS/PHP/Laravel-github/myApplication/vendor/laravel/framework/src/Illuminate/Foundation/Http/Middleware/VerifyCsrfToken.php(87): Illuminate/Pipeline/Pipeline->Illuminate/Pipeline/{closure}(Object(Illuminate/Http/Request))
#8 D:/Codes/WOSS/PHP/Laravel-github/myApplication/vendor/laravel/framework/src/Illuminate/Pipeline/Pipeline.php(219): Illuminate/Foundation/Http/Middleware/VerifyCsrfToken->handle(Object(Illuminate/Http/Request), Object(Closure))
#9 D:/Codes/WOSS/PHP/Laravel-github/myApplication/vendor/laravel/framework/src/Illuminate/View/Middleware/ShareErrorsFromSession.php(48): Illuminate/Pipeline/Pipeline->Illuminate/Pipeline/{closure}(Object(Illuminate/Http/Request))
#10 D:/Codes/WOSS/PHP/Laravel-github/myApplication/vendor/laravel/framework/src/Illuminate/Pipeline/Pipeline.php(219): Illuminate/View/Middleware/ShareErrorsFromSession->handle(Object(Illuminate/Http/Request), Object(Closure))
#11 D:/Codes/WOSS/PHP/Laravel-github/myApplication/vendor/laravel/framework/src/Illuminate/Session/Middleware/StartSession.php(120): Illuminate/Pipeline/Pipeline->Illuminate/Pipeline/{closure}(Object(Illuminate/Http/Request))
#12 D:/Codes/WOSS/PHP/Laravel-github/myApplication/vendor/laravel/framework/src/Illuminate/Session/Middleware/StartSession.php(63): Illuminate/Session/Middleware/StartSession->handleStatefulRequest(Object(Illuminate/Http/Request), Object(Illuminate/Session/Store), Object(Closure))
#13 D:/Codes/WOSS/PHP/Laravel-github/myApplication/vendor/laravel/framework/src/Illuminate/Pipeline/Pipeline.php(219): Illuminate/Session/Middleware/StartSession->handle(Object(Illuminate/Http/Request), Object(Closure))
#14 D:/Codes/WOSS/PHP/Laravel-github/myApplication/vendor/laravel/framework/src/Illuminate/Cookie/Middleware/AddQueuedCookiesToResponse.php(36): Illuminate/Pipeline/Pipeline->Illuminate/Pipeline/{closure}(Object(Illuminate/Http/Request))
#15 D:/Codes/WOSS/PHP/Laravel-github/myApplication/vendor/laravel/framework/src/Illuminate/Pipeline/Pipeline.php(219): Illuminate/Cookie/Middleware/AddQueuedCookiesToResponse->handle(Object(Illuminate/Http/Request), Object(Closure))
#16 D:/Codes/WOSS/PHP/Laravel-github/myApplication/vendor/laravel/framework/src/Illuminate/Cookie/Middleware/EncryptCookies.php(74): Illuminate/Pipeline/Pipeline->Illuminate/Pipeline/{closure}(Object(Illuminate/Http/Request))
#17 D:/Codes/WOSS/PHP/Laravel-github/myApplication/vendor/laravel/framework/src/Illuminate/Pipeline/Pipeline.php(219): Illuminate/Cookie/Middleware/EncryptCookies->handle(Object(Illuminate/Http/Request), Object(Closure))
#18 D:/Codes/WOSS/PHP/Laravel-github/myApplication/vendor/laravel/framework/src/Illuminate/Pipeline/Pipeline.php(137): Illuminate/Pipeline/Pipeline->Illuminate/Pipeline/{closure}(Object(Illuminate/Http/Request))
#19 D:/Codes/WOSS/PHP/Laravel-github/myApplication/vendor/laravel/framework/src/Illuminate/Routing/Router.php(821): Illuminate/Pipeline/Pipeline->then(Object(Closure))
#20 D:/Codes/WOSS/PHP/Laravel-github/myApplication/vendor/laravel/framework/src/Illuminate/Routing/Router.php(800): Illuminate/Routing/Router->runRouteWithinStack(Object(Illuminate/Routing/Route), Object(Illuminate/Http/Request))
#21 D:/Codes/WOSS/PHP/Laravel-github/myApplication/vendor/laravel/framework/src/Illuminate/Routing/Router.php(764): Illuminate/Routing/Router->runRoute(Object(Illuminate/Http/Request), Object(Illuminate/Routing/Route))
#22 D:/Codes/WOSS/PHP/Laravel-github/myApplication/vendor/laravel/framework/src/Illuminate/Routing/Router.php(753): Illuminate/Routing/Router->dispatchToRoute(Object(Illuminate/Http/Request))
#23 D:/Codes/WOSS/PHP/Laravel-github/myApplication/vendor/laravel/framework/src/Illuminate/Foundation/Http/Kernel.php(200): Illuminate/Routing/Router->dispatch(Object(Illuminate/Http/Request))
#24 D:/Codes/WOSS/PHP/Laravel-github/myApplication/vendor/laravel/framework/src/Illuminate/Pipeline/Pipeline.php(180): Illuminate/Foundation/Http/Kernel->Illuminate/Foundation/Http/{closure}(Object(Illuminate/Http/Request))
#25 D:/Codes/WOSS/PHP/Laravel-github/myApplication/app/Http/Middleware/LogRequestLifecycle.php(21): Illuminate/Pipeline/Pipeline->Illuminate/Pipeline/{closure}(Object(Illuminate/Http/Request))
#26 D:/Codes/WOSS/PHP/Laravel-github/myApplication/vendor/laravel/framework/src/Illuminate/Pipeline/Pipeline.php(219): App/Http/Middleware/LogRequestLifecycle->handle(Object(Illuminate/Http/Request), Object(Closure))
#27 D:/Codes/WOSS/PHP/Laravel-github/myApplication/vendor/laravel/framework/src/Illuminate/Foundation/Http/Middleware/TransformsRequest.php(21): Illuminate/Pipeline/Pipeline->Illuminate/Pipeline/{closure}(Object(Illuminate/Http/Request))
#28 D:/Codes/WOSS/PHP/Laravel-github/myApplication/vendor/laravel/framework/src/Illuminate/Foundation/Http/Middleware/ConvertEmptyStringsToNull.php(31): Illuminate/Foundation/Http/Middleware/TransformsRequest->handle(Object(Illuminate/Http/Request), Object(Closure))
#29 D:/Codes/WOSS/PHP/Laravel-github/myApplication/vendor/laravel/framework/src/Illuminate/Pipeline/Pipeline.php(219): Illuminate/Foundation/Http/Middleware/ConvertEmptyStringsToNull->handle(Object(Illuminate/Http/Request), Object(Closure))
#30 D:/Codes/WOSS/PHP/Laravel-github/myApplication/vendor/laravel/framework/src/Illuminate/Foundation/Http/Middleware/TransformsRequest.php(21): Illuminate/Pipeline/Pipeline->Illuminate/Pipeline/{closure}(Object(Illuminate/Http/Request))
#31 D:/Codes/WOSS/PHP/Laravel-github/myApplication/vendor/laravel/framework/src/Illuminate/Foundation/Http/Middleware/TrimStrings.php(51): Illuminate/Foundation/Http/Middleware/TransformsRequest->handle(Object(Illuminate/Http/Request), Object(Closure))
#32 D:/Codes/WOSS/PHP/Laravel-github/myApplication/vendor/laravel/framework/src/Illuminate/Pipeline/Pipeline.php(219): Illuminate/Foundation/Http/Middleware/TrimStrings->handle(Object(Illuminate/Http/Request), Object(Closure))
#33 D:/Codes/WOSS/PHP/Laravel-github/myApplication/vendor/laravel/framework/src/Illuminate/Http/Middleware/ValidatePostSize.php(27): Illuminate/Pipeline/Pipeline->Illuminate/Pipeline/{closure}(Object(Illuminate/Http/Request))
#34 D:/Codes/WOSS/PHP/Laravel-github/myApplication/vendor/laravel/framework/src/Illuminate/Pipeline/Pipeline.php(219): Illuminate/Http/Middleware/ValidatePostSize->handle(Object(Illuminate/Http/Request), Object(Closure))
#35 D:/Codes/WOSS/PHP/Laravel-github/myApplication/vendor/laravel/framework/src/Illuminate/Foundation/Http/Middleware/PreventRequestsDuringMaintenance.php(109): Illuminate/Pipeline/Pipeline->Illuminate/Pipeline/{closure}(Object(Illuminate/Http/Request))
#36 D:/Codes/WOSS/PHP/Laravel-github/myApplication/vendor/laravel/framework/src/Illuminate/Pipeline/Pipeline.php(219): Illuminate/Foundation/Http/Middleware/PreventRequestsDuringMaintenance->handle(Object(Illuminate/Http/Request), Object(Closure))
#37 D:/Codes/WOSS/PHP/Laravel-github/myApplication/vendor/laravel/framework/src/Illuminate/Http/Middleware/HandleCors.php(61): Illuminate/Pipeline/Pipeline->Illuminate/Pipeline/{closure}(Object(Illuminate/Http/Request))
#38 D:/Codes/WOSS/PHP/Laravel-github/myApplication/vendor/laravel/framework/src/Illuminate/Pipeline/Pipeline.php(219): Illuminate/Http/Middleware/HandleCors->handle(Object(Illuminate/Http/Request), Object(Closure))
#39 D:/Codes/WOSS/PHP/Laravel-github/myApplication/vendor/laravel/framework/src/Illuminate/Http/Middleware/TrustProxies.php(58): Illuminate/Pipeline/Pipeline->Illuminate/Pipeline/{closure}(Object(Illuminate/Http/Request))
#40 D:/Codes/WOSS/PHP/Laravel-github/myApplication/vendor/laravel/framework/src/Illuminate/Pipeline/Pipeline.php(219): Illuminate/Http/Middleware/TrustProxies->handle(Object(Illuminate/Http/Request), Object(Closure))
#41 D:/Codes/WOSS/PHP/Laravel-github/myApplication/vendor/laravel/framework/src/Illuminate/Foundation/Http/Middleware/InvokeDeferredCallbacks.php(22): Illuminate/Pipeline/Pipeline->Illuminate/Pipeline/{closure}(Object(Illuminate/Http/Request))
#42 D:/Codes/WOSS/PHP/Laravel-github/myApplication/vendor/laravel/framework/src/Illuminate/Pipeline/Pipeline.php(219): Illuminate/Foundation/Http/Middleware/InvokeDeferredCallbacks->handle(Object(Illuminate/Http/Request), Object(Closure))
#43 D:/Codes/WOSS/PHP/Laravel-github/myApplication/vendor/laravel/framework/src/Illuminate/Http/Middleware/ValidatePathEncoding.php(26): Illuminate/Pipeline/Pipeline->Illuminate/Pipeline/{closure}(Object(Illuminate/Http/Request))
#44 D:/Codes/WOSS/PHP/Laravel-github/myApplication/vendor/laravel/framework/src/Illuminate/Pipeline/Pipeline.php(219): Illuminate/Http/Middleware/ValidatePathEncoding->handle(Object(Illuminate/Http/Request), Object(Closure))
#45 D:/Codes/WOSS/PHP/Laravel-github/myApplication/vendor/laravel/framework/src/Illuminate/Pipeline/Pipeline.php(137): Illuminate/Pipeline/Pipeline->Illuminate/Pipeline/{closure}(Object(Illuminate/Http/Request))
#46 D:/Codes/WOSS/PHP/Laravel-github/myApplication/vendor/laravel/framework/src/Illuminate/Foundation/Http/Kernel.php(175): Illuminate/Pipeline/Pipeline->then(Object(Closure))
#47 D:/Codes/WOSS/PHP/Laravel-github/myApplication/vendor/laravel/framework/src/Illuminate/Foundation/Http/Kernel.php(144): Illuminate/Foundation/Http/Kernel->sendRequestThroughRouter(Object(Illuminate/Http/Request))
#48 D:/Codes/WOSS/PHP/Laravel-github/myApplication/public/index.php(18): Illuminate/Foundation/Http/Kernel->handle(Object(Illuminate/Http/Request))
#49 D:/Codes/WOSS/PHP/Laravel-github/myApplication/vendor/laravel/framework/src/Illuminate/Foundation/resources/server.php(23): require_once('D://Codes//WOSS//P...')
#50 {main}

[previous exception] [object] (ReflectionException(code: -1): Class \"check.role\" does not exist at D:/Codes/WOSS/PHP/Laravel-github/myApplication/vendor/laravel/framework/src/Illuminate/Container/Container.php:1122)
[stacktrace]
#0 D:/Codes/WOSS/PHP/Laravel-github/myApplication/vendor/laravel/framework/src/Illuminate/Container/Container.php(1122): ReflectionClass->__construct('check.role')
#1 D:/Codes/WOSS/PHP/Laravel-github/myApplication/vendor/laravel/framework/src/Illuminate/Container/Container.php(933): Illuminate/Container/Container->build('check.role')
#2 D:/Codes/WOSS/PHP/Laravel-github/myApplication/vendor/laravel/framework/src/Illuminate/Foundation/Application.php(1078): Illuminate/Container/Container->resolve('check.role', Array, true)
#3 D:/Codes/WOSS/PHP/Laravel-github/myApplication/vendor/laravel/framework/src/Illuminate/Container/Container.php(864): Illuminate/Foundation/Application->resolve('check.role', Array)
#4 D:/Codes/WOSS/PHP/Laravel-github/myApplication/vendor/laravel/framework/src/Illuminate/Foundation/Application.php(1058): Illuminate/Container/Container->make('check.role', Array)
#5 D:/Codes/WOSS/PHP/Laravel-github/myApplication/vendor/laravel/framework/src/Illuminate/Pipeline/Pipeline.php(208): Illuminate/Foundation/Application->make('check.role')
#6 D:/Codes/WOSS/PHP/Laravel-github/myApplication/vendor/laravel/framework/src/Illuminate/Routing/Middleware/SubstituteBindings.php(50): Illuminate/Pipeline/Pipeline->Illuminate/Pipeline/{closure}(Object(Illuminate/Http/Request))
#7 D:/Codes/WOSS/PHP/Laravel-github/myApplication/vendor/laravel/framework/src/Illuminate/Pipeline/Pipeline.php(219): Illuminate/Routing/Middleware/SubstituteBindings->handle(Object(Illuminate/Http/Request), Object(Closure))
#8 D:/Codes/WOSS/PHP/Laravel-github/myApplication/vendor/laravel/framework/src/Illuminate/Foundation/Http/Middleware/VerifyCsrfToken.php(87): Illuminate/Pipeline/Pipeline->Illuminate/Pipeline/{closure}(Object(Illuminate/Http/Request))
#9 D:/Codes/WOSS/PHP/Laravel-github/myApplication/vendor/laravel/framework/src/Illuminate/Pipeline/Pipeline.php(219): Illuminate/Foundation/Http/Middleware/VerifyCsrfToken->handle(Object(Illuminate/Http/Request), Object(Closure))
#10 D:/Codes/WOSS/PHP/Laravel-github/myApplication/vendor/laravel/framework/src/Illuminate/View/Middleware/ShareErrorsFromSession.php(48): Illuminate/Pipeline/Pipeline->Illuminate/Pipeline/{closure}(Object(Illuminate/Http/Request))
#11 D:/Codes/WOSS/PHP/Laravel-github/myApplication/vendor/laravel/framework/src/Illuminate/Pipeline/Pipeline.php(219): Illuminate/View/Middleware/ShareErrorsFromSession->handle(Object(Illuminate/Http/Request), Object(Closure))
#12 D:/Codes/WOSS/PHP/Laravel-github/myApplication/vendor/laravel/framework/src/Illuminate/Session/Middleware/StartSession.php(120): Illuminate/Pipeline/Pipeline->Illuminate/Pipeline/{closure}(Object(Illuminate/Http/Request))
#13 D:/Codes/WOSS/PHP/Laravel-github/myApplication/vendor/laravel/framework/src/Illuminate/Session/Middleware/StartSession.php(63): Illuminate/Session/Middleware/StartSession->handleStatefulRequest(Object(Illuminate/Http/Request), Object(Illuminate/Session/Store), Object(Closure))
#14 D:/Codes/WOSS/PHP/Laravel-github/myApplication/vendor/laravel/framework/src/Illuminate/Pipeline/Pipeline.php(219): Illuminate/Session/Middleware/StartSession->handle(Object(Illuminate/Http/Request), Object(Closure))
#15 D:/Codes/WOSS/PHP/Laravel-github/myApplication/vendor/laravel/framework/src/Illuminate/Cookie/Middleware/AddQueuedCookiesToResponse.php(36): Illuminate/Pipeline/Pipeline->Illuminate/Pipeline/{closure}(Object(Illuminate/Http/Request))
#16 D:/Codes/WOSS/PHP/Laravel-github/myApplication/vendor/laravel/framework/src/Illuminate/Pipeline/Pipeline.php(219): Illuminate/Cookie/Middleware/AddQueuedCookiesToResponse->handle(Object(Illuminate/Http/Request), Object(Closure))
#17 D:/Codes/WOSS/PHP/Laravel-github/myApplication/vendor/laravel/framework/src/Illuminate/Cookie/Middleware/EncryptCookies.php(74): Illuminate/Pipeline/Pipeline->Illuminate/Pipeline/{closure}(Object(Illuminate/Http/Request))
#18 D:/Codes/WOSS/PHP/Laravel-github/myApplication/vendor/laravel/framework/src/Illuminate/Pipeline/Pipeline.php(219): Illuminate/Cookie/Middleware/EncryptCookies->handle(Object(Illuminate/Http/Request), Object(Closure))
#19 D:/Codes/WOSS/PHP/Laravel-github/myApplication/vendor/laravel/framework/src/Illuminate/Pipeline/Pipeline.php(137): Illuminate/Pipeline/Pipeline->Illuminate/Pipeline/{closure}(Object(Illuminate/Http/Request))
#20 D:/Codes/WOSS/PHP/Laravel-github/myApplication/vendor/laravel/framework/src/Illuminate/Routing/Router.php(821): Illuminate/Pipeline/Pipeline->then(Object(Closure))
#21 D:/Codes/WOSS/PHP/Laravel-github/myApplication/vendor/laravel/framework/src/Illuminate/Routing/Router.php(800): Illuminate/Routing/Router->runRouteWithinStack(Object(Illuminate/Routing/Route), Object(Illuminate/Http/Request))
#22 D:/Codes/WOSS/PHP/Laravel-github/myApplication/vendor/laravel/framework/src/Illuminate/Routing/Router.php(764): Illuminate/Routing/Router->runRoute(Object(Illuminate/Http/Request), Object(Illuminate/Routing/Route))
#23 D:/Codes/WOSS/PHP/Laravel-github/myApplication/vendor/laravel/framework/src/Illuminate/Routing/Router.php(753): Illuminate/Routing/Router->dispatchToRoute(Object(Illuminate/Http/Request))
#24 D:/Codes/WOSS/PHP/Laravel-github/myApplication/vendor/laravel/framework/src/Illuminate/Foundation/Http/Kernel.php(200): Illuminate/Routing/Router->dispatch(Object(Illuminate/Http/Request))
#25 D:/Codes/WOSS/PHP/Laravel-github/myApplication/vendor/laravel/framework/src/Illuminate/Pipeline/Pipeline.php(180): Illuminate/Foundation/Http/Kernel->Illuminate/Foundation/Http/{closure}(Object(Illuminate/Http/Request))
#26 D:/Codes/WOSS/PHP/Laravel-github/myApplication/app/Http/Middleware/LogRequestLifecycle.php(21): Illuminate/Pipeline/Pipeline->Illuminate/Pipeline/{closure}(Object(Illuminate/Http/Request))
#27 D:/Codes/WOSS/PHP/Laravel-github/myApplication/vendor/laravel/framework/src/Illuminate/Pipeline/Pipeline.php(219): App/Http/Middleware/LogRequestLifecycle->handle(Object(Illuminate/Http/Request), Object(Closure))
#28 D:/Codes/WOSS/PHP/Laravel-github/myApplication/vendor/laravel/framework/src/Illuminate/Foundation/Http/Middleware/TransformsRequest.php(21): Illuminate/Pipeline/Pipeline->Illuminate/Pipeline/{closure}(Object(Illuminate/Http/Request))
#29 D:/Codes/WOSS/PHP/Laravel-github/myApplication/vendor/laravel/framework/src/Illuminate/Foundation/Http/Middleware/ConvertEmptyStringsToNull.php(31): Illuminate/Foundation/Http/Middleware/TransformsRequest->handle(Object(Illuminate/Http/Request), Object(Closure))
#30 D:/Codes/WOSS/PHP/Laravel-github/myApplication/vendor/laravel/framework/src/Illuminate/Pipeline/Pipeline.php(219): Illuminate/Foundation/Http/Middleware/ConvertEmptyStringsToNull->handle(Object(Illuminate/Http/Request), Object(Closure))
#31 D:/Codes/WOSS/PHP/Laravel-github/myApplication/vendor/laravel/framework/src/Illuminate/Foundation/Http/Middleware/TransformsRequest.php(21): Illuminate/Pipeline/Pipeline->Illuminate/Pipeline/{closure}(Object(Illuminate/Http/Request))
#32 D:/Codes/WOSS/PHP/Laravel-github/myApplication/vendor/laravel/framework/src/Illuminate/Foundation/Http/Middleware/TrimStrings.php(51): Illuminate/Foundation/Http/Middleware/TransformsRequest->handle(Object(Illuminate/Http/Request), Object(Closure))
#33 D:/Codes/WOSS/PHP/Laravel-github/myApplication/vendor/laravel/framework/src/Illuminate/Pipeline/Pipeline.php(219): Illuminate/Foundation/Http/Middleware/TrimStrings->handle(Object(Illuminate/Http/Request), Object(Closure))
#34 D:/Codes/WOSS/PHP/Laravel-github/myApplication/vendor/laravel/framework/src/Illuminate/Http/Middleware/ValidatePostSize.php(27): Illuminate/Pipeline/Pipeline->Illuminate/Pipeline/{closure}(Object(Illuminate/Http/Request))
#35 D:/Codes/WOSS/PHP/Laravel-github/myApplication/vendor/laravel/framework/src/Illuminate/Pipeline/Pipeline.php(219): Illuminate/Http/Middleware/ValidatePostSize->handle(Object(Illuminate/Http/Request), Object(Closure))
#36 D:/Codes/WOSS/PHP/Laravel-github/myApplication/vendor/laravel/framework/src/Illuminate/Foundation/Http/Middleware/PreventRequestsDuringMaintenance.php(109): Illuminate/Pipeline/Pipeline->Illuminate/Pipeline/{closure}(Object(Illuminate/Http/Request))
#37 D:/Codes/WOSS/PHP/Laravel-github/myApplication/vendor/laravel/framework/src/Illuminate/Pipeline/Pipeline.php(219): Illuminate/Foundation/Http/Middleware/PreventRequestsDuringMaintenance->handle(Object(Illuminate/Http/Request), Object(Closure))
#38 D:/Codes/WOSS/PHP/Laravel-github/myApplication/vendor/laravel/framework/src/Illuminate/Http/Middleware/HandleCors.php(61): Illuminate/Pipeline/Pipeline->Illuminate/Pipeline/{closure}(Object(Illuminate/Http/Request))
#39 D:/Codes/WOSS/PHP/Laravel-github/myApplication/vendor/laravel/framework/src/Illuminate/Pipeline/Pipeline.php(219): Illuminate/Http/Middleware/HandleCors->handle(Object(Illuminate/Http/Request), Object(Closure))
#40 D:/Codes/WOSS/PHP/Laravel-github/myApplication/vendor/laravel/framework/src/Illuminate/Http/Middleware/TrustProxies.php(58): Illuminate/Pipeline/Pipeline->Illuminate/Pipeline/{closure}(Object(Illuminate/Http/Request))
#41 D:/Codes/WOSS/PHP/Laravel-github/myApplication/vendor/laravel/framework/src/Illuminate/Pipeline/Pipeline.php(219): Illuminate/Http/Middleware/TrustProxies->handle(Object(Illuminate/Http/Request), Object(Closure))
#42 D:/Codes/WOSS/PHP/Laravel-github/myApplication/vendor/laravel/framework/src/Illuminate/Foundation/Http/Middleware/InvokeDeferredCallbacks.php(22): Illuminate/Pipeline/Pipeline->Illuminate/Pipeline/{closure}(Object(Illuminate/Http/Request))
#43 D:/Codes/WOSS/PHP/Laravel-github/myApplication/vendor/laravel/framework/src/Illuminate/Pipeline/Pipeline.php(219): Illuminate/Foundation/Http/Middleware/InvokeDeferredCallbacks->handle(Object(Illuminate/Http/Request), Object(Closure))
#44 D:/Codes/WOSS/PHP/Laravel-github/myApplication/vendor/laravel/framework/src/Illuminate/Http/Middleware/ValidatePathEncoding.php(26): Illuminate/Pipeline/Pipeline->Illuminate/Pipeline/{closure}(Object(Illuminate/Http/Request))
#45 D:/Codes/WOSS/PHP/Laravel-github/myApplication/vendor/laravel/framework/src/Illuminate/Pipeline/Pipeline.php(219): Illuminate/Http/Middleware/ValidatePathEncoding->handle(Object(Illuminate/Http/Request), Object(Closure))
#46 D:/Codes/WOSS/PHP/Laravel-github/myApplication/vendor/laravel/framework/src/Illuminate/Pipeline/Pipeline.php(137): Illuminate/Pipeline/Pipeline->Illuminate/Pipeline/{closure}(Object(Illuminate/Http/Request))
#47 D:/Codes/WOSS/PHP/Laravel-github/myApplication/vendor/laravel/framework/src/Illuminate/Foundation/Http/Kernel.php(175): Illuminate/Pipeline/Pipeline->then(Object(Closure))
#48 D:/Codes/WOSS/PHP/Laravel-github/myApplication/vendor/laravel/framework/src/Illuminate/Foundation/Http/Kernel.php(144): Illuminate/Foundation/Http/Kernel->sendRequestThroughRouter(Object(Illuminate/Http/Request))
#49 D:/Codes/WOSS/PHP/Laravel-github/myApplication/public/index.php(18): Illuminate/Foundation/Http/Kernel->handle(Object(Illuminate/Http/Request))
#50 D:/Codes/WOSS/PHP/Laravel-github/myApplication/vendor/laravel/framework/src/Illuminate/Foundation/resources/server.php(23): require_once('D://Codes//WOSS//P...')
#51 {main}
"} 
[2026-03-19 08:48:24] local.INFO: [STEP 9-pre] Middleware handle() AFTER controller, returning
response  
[2026-03-19 08:48:24] local.ERROR: Target class [check.role] does not exist. {"exception":"[object] (Illuminate\\Contracts\\Container\\BindingResolutionException(code: 0): Target class [check.role] does not exist. at D:/Codes/WOSS/PHP/Laravel-github/myApplication/vendor/laravel/framework/src/Illuminate/Container/Container.php:1124)
[stacktrace]
#0 D:/Codes/WOSS/PHP/Laravel-github/myApplication/vendor/laravel/framework/src/Illuminate/Container/Container.php(933): Illuminate/Container/Container->build('check.role')
#1 D:/Codes/WOSS/PHP/Laravel-github/myApplication/vendor/laravel/framework/src/Illuminate/Foundation/Application.php(1078): Illuminate/Container/Container->resolve('check.role', Array, true)
#2 D:/Codes/WOSS/PHP/Laravel-github/myApplication/vendor/laravel/framework/src/Illuminate/Container/Container.php(864): Illuminate/Foundation/Application->resolve('check.role', Array)
#3 D:/Codes/WOSS/PHP/Laravel-github/myApplication/vendor/laravel/framework/src/Illuminate/Foundation/Application.php(1058): Illuminate/Container/Container->make('check.role', Array)
#4 D:/Codes/WOSS/PHP/Laravel-github/myApplication/vendor/laravel/framework/src/Illuminate/Foundation/Http/Kernel.php(257): Illuminate/Foundation/Application->make('check.role')
#5 D:/Codes/WOSS/PHP/Laravel-github/myApplication/vendor/laravel/framework/src/Illuminate/Foundation/Http/Kernel.php(215): Illuminate/Foundation/Http/Kernel->terminateMiddleware(Object(Illuminate/Http/Request), Object(Illuminate/Http/Response))
#6 D:/Codes/WOSS/PHP/Laravel-github/myApplication/public/index.php(20): Illuminate/Foundation/Http/Kernel->terminate(Object(Illuminate/Http/Request), Object(Illuminate/Http/Response))
#7 D:/Codes/WOSS/PHP/Laravel-github/myApplication/vendor/laravel/framework/src/Illuminate/Foundation/resources/server.php(23): require_once('D://Codes//WOSS//P...')
#8 {main}

[previous exception] [object] (ReflectionException(code: -1): Class \"check.role\" does not exist at D:/Codes/WOSS/PHP/Laravel-github/myApplication/vendor/laravel/framework/src/Illuminate/Container/Container.php:1122)
[stacktrace]
#0 D:/Codes/WOSS/PHP/Laravel-github/myApplication/vendor/laravel/framework/src/Illuminate/Container/Container.php(1122): ReflectionClass->__construct('check.role')
#1 D:/Codes/WOSS/PHP/Laravel-github/myApplication/vendor/laravel/framework/src/Illuminate/Container/Container.php(933): Illuminate/Container/Container->build('check.role')
#2 D:/Codes/WOSS/PHP/Laravel-github/myApplication/vendor/laravel/framework/src/Illuminate/Foundation/Application.php(1078): Illuminate/Container/Container->resolve('check.role', Array, true)
#3 D:/Codes/WOSS/PHP/Laravel-github/myApplication/vendor/laravel/framework/src/Illuminate/Container/Container.php(864): Illuminate/Foundation/Application->resolve('check.role', Array)
#4 D:/Codes/WOSS/PHP/Laravel-github/myApplication/vendor/laravel/framework/src/Illuminate/Foundation/Application.php(1058): Illuminate/Container/Container->make('check.role', Array)
#5 D:/Codes/WOSS/PHP/Laravel-github/myApplication/vendor/laravel/framework/src/Illuminate/Foundation/Http/Kernel.php(257): Illuminate/Foundation/Application->make('check.role')
#6 D:/Codes/WOSS/PHP/Laravel-github/myApplication/vendor/laravel/framework/src/Illuminate/Foundation/Http/Kernel.php(215): Illuminate/Foundation/Http/Kernel->terminateMiddleware(Object(Illuminate/Http/Request), Object(Illuminate/Http/Response))
#7 D:/Codes/WOSS/PHP/Laravel-github/myApplication/public/index.php(20): Illuminate/Foundation/Http/Kernel->terminate(Object(Illuminate/Http/Request), Object(Illuminate/Http/Response))
#8 D:/Codes/WOSS/PHP/Laravel-github/myApplication/vendor/laravel/framework/src/Illuminate/Foundation/resources/server.php(23): require_once('D://Codes//WOSS//P...')
#9 {main}
"} 
[2026-03-19 09:49:22] [STEP 1] Entry point public/index.php reached
[2026-03-19 08:49:22] local.INFO: [STEP 2b] AppServiceProvider register() called  
[2026-03-19 08:49:22] local.INFO: [STEP 5] AppServiceProvider boot() called all services ready  
[2026-03-19 08:49:22] local.INFO: [STEP 4] Middleware handle() BEFORE controller {"url":"http://127.0.0.1:8000/dashboard","method":"GET","ip":"127.0.0.1"} 
[2026-03-19 09:49:39] [STEP 1] Entry point public/index.php reached
[2026-03-19 08:49:39] local.INFO: [STEP 2b] AppServiceProvider register() called  
[2026-03-19 08:49:39] local.INFO: [STEP 5] AppServiceProvider boot() called all services ready  
[2026-03-19 08:49:39] local.INFO: [STEP 4] Middleware handle() BEFORE controller {"url":"http://127.0.0.1:8000/dashboard","method":"GET","ip":"127.0.0.1"} 
[2026-03-19 08:49:40] local.ERROR: Attempt to read property "headers" on string {"exception":"[object] (ErrorException(code: 0): Attempt to read property \"headers\" on string at D:/Codes/WOSS/PHP/Laravel-github/myApplication/vendor/laravel/framework/src/Illuminate/Foundation/Http/Middleware/VerifyCsrfToken.php:189)
[stacktrace]
#0 D:/Codes/WOSS/PHP/Laravel-github/myApplication/vendor/laravel/framework/src/Illuminate/Foundation/Bootstrap/HandleExceptions.php(258): Illuminate/Foundation/Bootstrap/HandleExceptions->handleError(2, 'Attempt to read...', 'D://Codes//WOSS//P...', 189)
#1 D:/Codes/WOSS/PHP/Laravel-github/myApplication/vendor/laravel/framework/src/Illuminate/Foundation/Http/Middleware/VerifyCsrfToken.php(189): Illuminate/Foundation/Bootstrap/HandleExceptions->Illuminate/Foundation/Bootstrap/{closure}(2, 'Attempt to read...', 'D://Codes//WOSS//P...', 189)
#2 D:/Codes/WOSS/PHP/Laravel-github/myApplication/vendor/laravel/framework/src/Illuminate/Foundation/Http/Middleware/VerifyCsrfToken.php(89): Illuminate/Foundation/Http/Middleware/VerifyCsrfToken->addCookieToResponse(Object(Illuminate/Http/Request), 'Access denied')
#3 D:/Codes/WOSS/PHP/Laravel-github/myApplication/vendor/laravel/framework/src/Illuminate/Support/helpers.php(388): Illuminate/Foundation/Http/Middleware/VerifyCsrfToken->Illuminate/Foundation/Http/Middleware/{closure}('Access denied')
#4 D:/Codes/WOSS/PHP/Laravel-github/myApplication/vendor/laravel/framework/src/Illuminate/Foundation/Http/Middleware/VerifyCsrfToken.php(87): tap('Access denied', Object(Closure))
#5 D:/Codes/WOSS/PHP/Laravel-github/myApplication/vendor/laravel/framework/src/Illuminate/Pipeline/Pipeline.php(219): Illuminate/Foundation/Http/Middleware/VerifyCsrfToken->handle(Object(Illuminate/Http/Request), Object(Closure))
#6 D:/Codes/WOSS/PHP/Laravel-github/myApplication/vendor/laravel/framework/src/Illuminate/View/Middleware/ShareErrorsFromSession.php(48): Illuminate/Pipeline/Pipeline->Illuminate/Pipeline/{closure}(Object(Illuminate/Http/Request))
#7 D:/Codes/WOSS/PHP/Laravel-github/myApplication/vendor/laravel/framework/src/Illuminate/Pipeline/Pipeline.php(219): Illuminate/View/Middleware/ShareErrorsFromSession->handle(Object(Illuminate/Http/Request), Object(Closure))
#8 D:/Codes/WOSS/PHP/Laravel-github/myApplication/vendor/laravel/framework/src/Illuminate/Session/Middleware/StartSession.php(120): Illuminate/Pipeline/Pipeline->Illuminate/Pipeline/{closure}(Object(Illuminate/Http/Request))
#9 D:/Codes/WOSS/PHP/Laravel-github/myApplication/vendor/laravel/framework/src/Illuminate/Session/Middleware/StartSession.php(63): Illuminate/Session/Middleware/StartSession->handleStatefulRequest(Object(Illuminate/Http/Request), Object(Illuminate/Session/Store), Object(Closure))
#10 D:/Codes/WOSS/PHP/Laravel-github/myApplication/vendor/laravel/framework/src/Illuminate/Pipeline/Pipeline.php(219): Illuminate/Session/Middleware/StartSession->handle(Object(Illuminate/Http/Request), Object(Closure))
#11 D:/Codes/WOSS/PHP/Laravel-github/myApplication/vendor/laravel/framework/src/Illuminate/Cookie/Middleware/AddQueuedCookiesToResponse.php(36): Illuminate/Pipeline/Pipeline->Illuminate/Pipeline/{closure}(Object(Illuminate/Http/Request))
#12 D:/Codes/WOSS/PHP/Laravel-github/myApplication/vendor/laravel/framework/src/Illuminate/Pipeline/Pipeline.php(219): Illuminate/Cookie/Middleware/AddQueuedCookiesToResponse->handle(Object(Illuminate/Http/Request), Object(Closure))
#13 D:/Codes/WOSS/PHP/Laravel-github/myApplication/vendor/laravel/framework/src/Illuminate/Cookie/Middleware/EncryptCookies.php(74): Illuminate/Pipeline/Pipeline->Illuminate/Pipeline/{closure}(Object(Illuminate/Http/Request))
#14 D:/Codes/WOSS/PHP/Laravel-github/myApplication/vendor/laravel/framework/src/Illuminate/Pipeline/Pipeline.php(219): Illuminate/Cookie/Middleware/EncryptCookies->handle(Object(Illuminate/Http/Request), Object(Closure))
#15 D:/Codes/WOSS/PHP/Laravel-github/myApplication/vendor/laravel/framework/src/Illuminate/Pipeline/Pipeline.php(137): Illuminate/Pipeline/Pipeline->Illuminate/Pipeline/{closure}(Object(Illuminate/Http/Request))
#16 D:/Codes/WOSS/PHP/Laravel-github/myApplication/vendor/laravel/framework/src/Illuminate/Routing/Router.php(821): Illuminate/Pipeline/Pipeline->then(Object(Closure))
#17 D:/Codes/WOSS/PHP/Laravel-github/myApplication/vendor/laravel/framework/src/Illuminate/Routing/Router.php(800): Illuminate/Routing/Router->runRouteWithinStack(Object(Illuminate/Routing/Route), Object(Illuminate/Http/Request))
#18 D:/Codes/WOSS/PHP/Laravel-github/myApplication/vendor/laravel/framework/src/Illuminate/Routing/Router.php(764): Illuminate/Routing/Router->runRoute(Object(Illuminate/Http/Request), Object(Illuminate/Routing/Route))
#19 D:/Codes/WOSS/PHP/Laravel-github/myApplication/vendor/laravel/framework/src/Illuminate/Routing/Router.php(753): Illuminate/Routing/Router->dispatchToRoute(Object(Illuminate/Http/Request))
#20 D:/Codes/WOSS/PHP/Laravel-github/myApplication/vendor/laravel/framework/src/Illuminate/Foundation/Http/Kernel.php(200): Illuminate/Routing/Router->dispatch(Object(Illuminate/Http/Request))
#21 D:/Codes/WOSS/PHP/Laravel-github/myApplication/vendor/laravel/framework/src/Illuminate/Pipeline/Pipeline.php(180): Illuminate/Foundation/Http/Kernel->Illuminate/Foundation/Http/{closure}(Object(Illuminate/Http/Request))
#22 D:/Codes/WOSS/PHP/Laravel-github/myApplication/app/Http/Middleware/LogRequestLifecycle.php(21): Illuminate/Pipeline/Pipeline->Illuminate/Pipeline/{closure}(Object(Illuminate/Http/Request))
#23 D:/Codes/WOSS/PHP/Laravel-github/myApplication/vendor/laravel/framework/src/Illuminate/Pipeline/Pipeline.php(219): App/Http/Middleware/LogRequestLifecycle->handle(Object(Illuminate/Http/Request), Object(Closure))
#24 D:/Codes/WOSS/PHP/Laravel-github/myApplication/vendor/laravel/framework/src/Illuminate/Foundation/Http/Middleware/TransformsRequest.php(21): Illuminate/Pipeline/Pipeline->Illuminate/Pipeline/{closure}(Object(Illuminate/Http/Request))
#25 D:/Codes/WOSS/PHP/Laravel-github/myApplication/vendor/laravel/framework/src/Illuminate/Foundation/Http/Middleware/ConvertEmptyStringsToNull.php(31): Illuminate/Foundation/Http/Middleware/TransformsRequest->handle(Object(Illuminate/Http/Request), Object(Closure))
#26 D:/Codes/WOSS/PHP/Laravel-github/myApplication/vendor/laravel/framework/src/Illuminate/Pipeline/Pipeline.php(219): Illuminate/Foundation/Http/Middleware/ConvertEmptyStringsToNull->handle(Object(Illuminate/Http/Request), Object(Closure))
#27 D:/Codes/WOSS/PHP/Laravel-github/myApplication/vendor/laravel/framework/src/Illuminate/Foundation/Http/Middleware/TransformsRequest.php(21): Illuminate/Pipeline/Pipeline->Illuminate/Pipeline/{closure}(Object(Illuminate/Http/Request))
#28 D:/Codes/WOSS/PHP/Laravel-github/myApplication/vendor/laravel/framework/src/Illuminate/Foundation/Http/Middleware/TrimStrings.php(51): Illuminate/Foundation/Http/Middleware/TransformsRequest->handle(Object(Illuminate/Http/Request), Object(Closure))
#29 D:/Codes/WOSS/PHP/Laravel-github/myApplication/vendor/laravel/framework/src/Illuminate/Pipeline/Pipeline.php(219): Illuminate/Foundation/Http/Middleware/TrimStrings->handle(Object(Illuminate/Http/Request), Object(Closure))
#30 D:/Codes/WOSS/PHP/Laravel-github/myApplication/vendor/laravel/framework/src/Illuminate/Http/Middleware/ValidatePostSize.php(27): Illuminate/Pipeline/Pipeline->Illuminate/Pipeline/{closure}(Object(Illuminate/Http/Request))
#31 D:/Codes/WOSS/PHP/Laravel-github/myApplication/vendor/laravel/framework/src/Illuminate/Pipeline/Pipeline.php(219): Illuminate/Http/Middleware/ValidatePostSize->handle(Object(Illuminate/Http/Request), Object(Closure))
#32 D:/Codes/WOSS/PHP/Laravel-github/myApplication/vendor/laravel/framework/src/Illuminate/Foundation/Http/Middleware/PreventRequestsDuringMaintenance.php(109): Illuminate/Pipeline/Pipeline->Illuminate/Pipeline/{closure}(Object(Illuminate/Http/Request))
#33 D:/Codes/WOSS/PHP/Laravel-github/myApplication/vendor/laravel/framework/src/Illuminate/Pipeline/Pipeline.php(219): Illuminate/Foundation/Http/Middleware/PreventRequestsDuringMaintenance->handle(Object(Illuminate/Http/Request), Object(Closure))
#34 D:/Codes/WOSS/PHP/Laravel-github/myApplication/vendor/laravel/framework/src/Illuminate/Http/Middleware/HandleCors.php(61): Illuminate/Pipeline/Pipeline->Illuminate/Pipeline/{closure}(Object(Illuminate/Http/Request))
#35 D:/Codes/WOSS/PHP/Laravel-github/myApplication/vendor/laravel/framework/src/Illuminate/Pipeline/Pipeline.php(219): Illuminate/Http/Middleware/HandleCors->handle(Object(Illuminate/Http/Request), Object(Closure))
#36 D:/Codes/WOSS/PHP/Laravel-github/myApplication/vendor/laravel/framework/src/Illuminate/Http/Middleware/TrustProxies.php(58): Illuminate/Pipeline/Pipeline->Illuminate/Pipeline/{closure}(Object(Illuminate/Http/Request))
#37 D:/Codes/WOSS/PHP/Laravel-github/myApplication/vendor/laravel/framework/src/Illuminate/Pipeline/Pipeline.php(219): Illuminate/Http/Middleware/TrustProxies->handle(Object(Illuminate/Http/Request), Object(Closure))
#38 D:/Codes/WOSS/PHP/Laravel-github/myApplication/vendor/laravel/framework/src/Illuminate/Foundation/Http/Middleware/InvokeDeferredCallbacks.php(22): Illuminate/Pipeline/Pipeline->Illuminate/Pipeline/{closure}(Object(Illuminate/Http/Request))
#39 D:/Codes/WOSS/PHP/Laravel-github/myApplication/vendor/laravel/framework/src/Illuminate/Pipeline/Pipeline.php(219): Illuminate/Foundation/Http/Middleware/InvokeDeferredCallbacks->handle(Object(Illuminate/Http/Request), Object(Closure))
#40 D:/Codes/WOSS/PHP/Laravel-github/myApplication/vendor/laravel/framework/src/Illuminate/Http/Middleware/ValidatePathEncoding.php(26): Illuminate/Pipeline/Pipeline->Illuminate/Pipeline/{closure}(Object(Illuminate/Http/Request))
#41 D:/Codes/WOSS/PHP/Laravel-github/myApplication/vendor/laravel/framework/src/Illuminate/Pipeline/Pipeline.php(219): Illuminate/Http/Middleware/ValidatePathEncoding->handle(Object(Illuminate/Http/Request), Object(Closure))
#42 D:/Codes/WOSS/PHP/Laravel-github/myApplication/vendor/laravel/framework/src/Illuminate/Pipeline/Pipeline.php(137): Illuminate/Pipeline/Pipeline->Illuminate/Pipeline/{closure}(Object(Illuminate/Http/Request))
#43 D:/Codes/WOSS/PHP/Laravel-github/myApplication/vendor/laravel/framework/src/Illuminate/Foundation/Http/Kernel.php(175): Illuminate/Pipeline/Pipeline->then(Object(Closure))
#44 D:/Codes/WOSS/PHP/Laravel-github/myApplication/vendor/laravel/framework/src/Illuminate/Foundation/Http/Kernel.php(144): Illuminate/Foundation/Http/Kernel->sendRequestThroughRouter(Object(Illuminate/Http/Request))
#45 D:/Codes/WOSS/PHP/Laravel-github/myApplication/public/index.php(18): Illuminate/Foundation/Http/Kernel->handle(Object(Illuminate/Http/Request))
#46 D:/Codes/WOSS/PHP/Laravel-github/myApplication/vendor/laravel/framework/src/Illuminate/Foundation/resources/server.php(23): require_once('D://Codes//WOSS//P...')
#47 {main}
"} 
[2026-03-19 08:49:40] local.INFO: [STEP 9-pre] Middleware handle() AFTER controller, returning
response  
[2026-03-19 09:54:00] [STEP 1] Entry point public/index.php reached
[2026-03-19 08:54:00] local.INFO: [STEP 2b] AppServiceProvider register() called  
[2026-03-19 08:54:00] local.INFO: [STEP 5] AppServiceProvider boot() called all services ready  
[2026-03-19 08:54:00] local.INFO: [STEP 4] Middleware handle() BEFORE controller {"url":"http://127.0.0.1:8000/dashboard","method":"GET","ip":"127.0.0.1"} 
[2026-03-19 08:54:00] local.INFO: [STEP 9-pre] Middleware handle() AFTER controller, returning
response  
